<?xml version='1.0' encoding='UTF-8'?>
<testsuite hostname="bossman-PC" name="recfun.PascalSuite" tests="3" errors="0" failures="0" skipped="0" time="0.028">
                     <properties>
[...]
</properties>
                     <testcase classname="recfun.PascalSuite" name="pascal: col=0,row=2" time="0.024">
                                                 
                                               </testcase><testcase classname="recfun.PascalSuite" name="pascal: col=1,row=2" time="0.004">
                                                 
                                               </testcase><testcase classname="recfun.PascalSuite" name="pascal: col=1,row=3" time="0.0">
                                                 
                                               </testcase>
                     <system-out></system-out>
                     <system-err></system-err>
                   </testsuite>